2022-10-18 14:43:30.413 - INFO - 29484 - azureml.train.automl._experiment_drivers.driver_utilities.modify_run_configuration:221 - Package azureml-train-automl missing from dependencies file.
2022-10-18 14:43:30.415 - INFO - 29484 - azureml.train.automl._experiment_drivers.driver_utilities.modify_run_configuration:227 - Using pinned version: azureml-train-automl==1.43.0.*
2022-10-18 14:43:30.452 - INFO - 29484 - azureml.train.automl._experiment_drivers.driver_utilities.modify_run_configuration:221 - Package pandas missing from dependencies file.
2022-10-18 14:43:30.456 - INFO - 29484 - azureml.train.automl._experiment_drivers.driver_utilities.modify_run_configuration:227 - Using pinned version: pandas==1.1.5
2022-10-18 14:43:30.457 - INFO - 29484 - azureml.train.automl._experiment_drivers.driver_utilities.modify_run_configuration:221 - Package psutil missing from dependencies file.
2022-10-18 14:43:30.458 - INFO - 29484 - azureml.train.automl._experiment_drivers.driver_utilities.modify_run_configuration:227 - Using pinned version: psutil>5.0.0,<6.0.0
2022-10-18 14:43:30.459 - INFO - 29484 - azureml.train.automl._experiment_drivers.driver_utilities.modify_run_configuration:221 - Package scikit-learn missing from dependencies file.
2022-10-18 14:43:30.459 - INFO - 29484 - azureml.train.automl._experiment_drivers.driver_utilities.modify_run_configuration:227 - Using pinned version: scikit-learn==0.22.1
2022-10-18 14:43:30.459 - INFO - 29484 - azureml.train.automl._experiment_drivers.driver_utilities.modify_run_configuration:221 - Package numpy missing from dependencies file.
2022-10-18 14:43:30.460 - INFO - 29484 - azureml.train.automl._experiment_drivers.driver_utilities.modify_run_configuration:227 - Using pinned version: numpy~=1.18.0
2022-10-18 14:43:30.460 - INFO - 29484 - azureml.train.automl._experiment_drivers.driver_utilities.modify_run_configuration:221 - Package py-xgboost missing from dependencies file.
2022-10-18 14:43:30.461 - INFO - 29484 - azureml.train.automl._experiment_drivers.driver_utilities.modify_run_configuration:227 - Using pinned version: py-xgboost==1.3.3
2022-10-18 14:43:30.461 - INFO - 29484 - azureml.train.automl._experiment_drivers.driver_utilities.modify_run_configuration:221 - Package inference-schema missing from dependencies file.
2022-10-18 14:43:30.461 - INFO - 29484 - azureml.train.automl._experiment_drivers.driver_utilities.modify_run_configuration:221 - Package fbprophet missing from dependencies file.
2022-10-18 14:43:30.461 - INFO - 29484 - azureml.train.automl._experiment_drivers.driver_utilities.modify_run_configuration:227 - Using pinned version: fbprophet==0.7.1
2022-10-18 14:43:30.462 - INFO - 29484 - azureml.train.automl._experiment_drivers.driver_utilities.modify_run_configuration:221 - Package holidays missing from dependencies file.
2022-10-18 14:43:30.462 - INFO - 29484 - azureml.train.automl._experiment_drivers.driver_utilities.modify_run_configuration:227 - Using pinned version: holidays==0.10.3
2022-10-18 14:43:30.462 - INFO - 29484 - azureml.train.automl._experiment_drivers.driver_utilities.modify_run_configuration:221 - Package joblib missing from dependencies file.
2022-10-18 14:43:30.462 - INFO - 29484 - azureml.train.automl._experiment_drivers.driver_utilities.modify_run_configuration:227 - Using pinned version: joblib==0.14.1
2022-10-18 14:43:30.463 - INFO - 29484 - azureml.train.automl._experiment_drivers.driver_utilities.modify_run_configuration:221 - Package pystan missing from dependencies file.
2022-10-18 14:43:30.463 - INFO - 29484 - azureml.train.automl._experiment_drivers.driver_utilities.modify_run_configuration:227 - Using pinned version: pystan==2.19.1.1
2022-10-18 14:43:30.463 - INFO - 29484 - azureml.train.automl._experiment_drivers.driver_utilities.modify_run_configuration:221 - Package setuptools-git missing from dependencies file.
2022-10-18 14:43:30.464 - INFO - 29484 - azureml.train.automl._experiment_drivers.driver_utilities.modify_run_configuration:221 - Package urllib3 missing from dependencies file.
2022-10-18 14:43:30.464 - INFO - 29484 - azureml.train.automl._experiment_drivers.driver_utilities.modify_run_configuration:231 - Using installed version: urllib3==1.26.9
2022-10-18 14:43:30.464 - INFO - 29484 - azureml.train.automl._experiment_drivers.driver_utilities.modify_run_configuration:221 - Package azure-core missing from dependencies file.
2022-10-18 14:43:30.464 - INFO - 29484 - azureml.train.automl._experiment_drivers.driver_utilities.modify_run_configuration:231 - Using installed version: azure-core==1.24.2
2022-10-18 14:43:30.481 - INFO - 29484 - azureml.automl.core.dataset_utilities._save_datasets_to_json:236 - JSON serialization of input of type <class 'NoneType'> is un-supported.
2022-10-18 14:43:30.481 - INFO - 29484 - azureml.automl.core.dataset_utilities._save_datasets_to_json:236 - JSON serialization of input of type <class 'NoneType'> is un-supported.
2022-10-18 14:43:30.482 - INFO - 29484 - azureml.train.automl._experiment_drivers.driver_utilities.validate_input:124 - Start data validation.
